<?xml version="1.0" encoding="UTF-8"?>
<!-- Generated by org.testng.reporters.JUnitReportReporter -->
<testsuite hostname="GK007" name="com.datadriven.test.ScheduleMeeting_Test" tests="1" failures="0" timestamp="5 May 2020 12:34:37 GMT" time="176.325" errors="0">
  <testcase name="Schedule_Meeting_Test" time="176.325" classname="com.datadriven.test.ScheduleMeeting_Test"/>
</testsuite> <!-- com.datadriven.test.ScheduleMeeting_Test -->
