<?xml version="1.0" encoding="UTF-8"?>
<!-- Generated by org.testng.reporters.JUnitReportReporter -->
<testsuite hostname="GK007" name="HardCodedSenario.Meeting_Test" tests="1" failures="0" timestamp="2 May 2020 10:08:30 GMT" time="144.089" errors="0">
  <testcase name="Schedule_Meeting_Test" time="144.089" classname="HardCodedSenario.Meeting_Test"/>
</testsuite> <!-- HardCodedSenario.Meeting_Test -->
