<?xml version="1.0" encoding="UTF-8"?>
<!-- Generated by org.testng.reporters.JUnitReportReporter -->
<testsuite hostname="GK007" name="HardCodedSenario.Meeting_Test" tests="1" failures="0" timestamp="5 May 2020 04:21:21 GMT" time="94.301" errors="0">
  <testcase name="Schedule_Meeting_cancelled_Test" time="94.301" classname="HardCodedSenario.Meeting_Test"/>
</testsuite> <!-- HardCodedSenario.Meeting_Test -->
