<?xml version="1.0" encoding="UTF-8"?>
<!-- Generated by org.testng.reporters.JUnitReportReporter -->
<testsuite hostname="GK007" name="HardCodedSenario.EHS_Observation_Test" tests="1" failures="0" timestamp="25 Apr 2020 06:37:25 GMT" time="82.420" errors="0">
  <testcase name="EHS_Observation_Review_DepartmentHead_Discard" time="82.420" classname="HardCodedSenario.EHS_Observation_Test"/>
</testsuite> <!-- HardCodedSenario.EHS_Observation_Test -->
