<?xml version="1.0" encoding="UTF-8"?>
<!-- Generated by org.testng.reporters.JUnitReportReporter -->
<testsuite hostname="GK007" name="HardCodedSenario.Incident_Test" tests="1" failures="0" timestamp="30 Apr 2020 10:47:47 GMT" time="107.689" errors="0">
  <testcase name="Incident_Review_CAPA_UnitMR" time="107.689" classname="HardCodedSenario.Incident_Test"/>
</testsuite> <!-- HardCodedSenario.Incident_Test -->
