<?xml version="1.0" encoding="UTF-8"?>
<!-- Generated by org.testng.reporters.JUnitReportReporter -->
<testsuite hostname="GK007" name="com.datadriven.test.MeetingCompleted_Test" tests="1" failures="0" timestamp="6 May 2020 05:51:28 GMT" time="112.702" errors="0">
  <testcase name="Schedule_Meeting_CloseTest" time="112.702" classname="com.datadriven.test.MeetingCompleted_Test"/>
</testsuite> <!-- com.datadriven.test.MeetingCompleted_Test -->
