<?xml version="1.0" encoding="UTF-8"?>
<!-- Generated by org.testng.reporters.JUnitReportReporter -->
<testsuite hostname="GK007" name="com.datadriven.test.MeetingPostpone_Test" tests="1" failures="0" timestamp="6 May 2020 04:50:55 GMT" time="105.158" errors="0">
  <testcase name="Schedule_Meeting_PostPone_Test" time="105.158" classname="com.datadriven.test.MeetingPostpone_Test"/>
</testsuite> <!-- com.datadriven.test.MeetingPostpone_Test -->
