<?xml version="1.0" encoding="UTF-8"?>
<!-- Generated by org.testng.reporters.JUnitReportReporter -->
<testsuite hostname="GK007" name="HardCodedSenario.Near_Miss_Observation_Test" tests="1" failures="0" timestamp="28 Apr 2020 09:08:59 GMT" time="88.992" errors="0">
  <testcase name="EHS_Observation_NearMiss_Invstegation_Review_UnitHEAD" time="88.992" classname="HardCodedSenario.Near_Miss_Observation_Test"/>
</testsuite> <!-- HardCodedSenario.Near_Miss_Observation_Test -->
