<?xml version="1.0" encoding="UTF-8"?>
<!-- Generated by org.testng.reporters.JUnitReportReporter -->
<testsuite hostname="GK007" name="HardCodedSenario.IIR_Test" tests="1" failures="0" timestamp="2 May 2020 07:01:08 GMT" time="76.544" errors="0">
  <testcase name="Incident_Review_DepartmentHead_Discard" time="76.544" classname="HardCodedSenario.IIR_Test"/>
</testsuite> <!-- HardCodedSenario.IIR_Test -->
