<?xml version="1.0" encoding="UTF-8"?>
<!-- Generated by org.testng.reporters.JUnitReportReporter -->
<testsuite hostname="GK007" name="com.datadriven.test.MeetingCancelled_Test" tests="1" failures="0" timestamp="6 May 2020 06:05:26 GMT" time="73.736" errors="0">
  <testcase name="Schedule_Meeting_cancelled_Test" time="73.736" classname="com.datadriven.test.MeetingCancelled_Test"/>
</testsuite> <!-- com.datadriven.test.MeetingCancelled_Test -->
